build/outputs/logs/manifest-merger-debug-report.txt
-- Merging decision tree log ---
manifest
ADDED from src/main/AndroidManifest.xml:1:1-15:12
INJECTED from src/main/AndroidManifest.xml:1:1-15:12
INJECTED from src/main/AndroidManifest.xml:1:1-15:12
INJECTED from src/main/AndroidManifest.xml:1:1-15:12
INJECTED from src/main/AndroidManifest.xml:1:1-15:12
INJECTED from src/main/AndroidManifest.xml:1:1-15:12
INJECTED from src/main/AndroidManifest.xml:1:1-15:12
	package
		ADDED from src/main/AndroidManifest.xml:2:5-44
		INJECTED from src/main/AndroidManifest.xml
		INJECTED from src/main/AndroidManifest.xml
	android:versionName
		INJECTED from src/main/AndroidManifest.xml
		ADDED from src/main/AndroidManifest.xml:1:1-15:12
		INJECTED from src/main/AndroidManifest.xml
	android:versionCode
		INJECTED from src/main/AndroidManifest.xml
		ADDED from src/main/AndroidManifest.xml:1:1-15:12
		INJECTED from src/main/AndroidManifest.xml
	xmlns:android
		ADDED from src/main/AndroidManifest.xml:1:11-69
application
ADDED from src/main/AndroidManifest.xml:4:5-13:19
	android:supportsRtl
		ADDED from src/main/AndroidManifest.xml:5:9-35
	android:label
		ADDED from src/main/AndroidManifest.xml:4:45-77
	android:allowBackup
		ADDED from src/main/AndroidManifest.xml:4:18-44
meta-data#admob_app_id
ADDED from src/main/AndroidManifest.xml:7:9-86
	android:value
		ADDED from src/main/AndroidManifest.xml:7:48-84
	android:name
		ADDED from src/main/AndroidManifest.xml:7:20-47
meta-data#admob_banner_id
ADDED from src/main/AndroidManifest.xml:8:9-92
	android:value
		ADDED from src/main/AndroidManifest.xml:8:51-90
	android:name
		ADDED from src/main/AndroidManifest.xml:8:20-50
meta-data#admob_interstitial_id
ADDED from src/main/AndroidManifest.xml:9:9-104
	android:value
		ADDED from src/main/AndroidManifest.xml:9:57-102
	android:name
		ADDED from src/main/AndroidManifest.xml:9:20-56
meta-data#admob_video_id
ADDED from src/main/AndroidManifest.xml:10:9-90
	android:value
		ADDED from src/main/AndroidManifest.xml:10:50-88
	android:name
		ADDED from src/main/AndroidManifest.xml:10:20-49
meta-data#admob_test_device_id
ADDED from src/main/AndroidManifest.xml:11:9-102
	android:value
		ADDED from src/main/AndroidManifest.xml:11:56-100
	android:name
		ADDED from src/main/AndroidManifest.xml:11:20-55
uses-sdk
INJECTED from src/main/AndroidManifest.xml reason: use-sdk injection requested
INJECTED from src/main/AndroidManifest.xml
INJECTED from src/main/AndroidManifest.xml
INJECTED from src/main/AndroidManifest.xml
INJECTED from src/main/AndroidManifest.xml
	android:targetSdkVersion
		INJECTED from src/main/AndroidManifest.xml
		ADDED from src/main/AndroidManifest.xml
		INJECTED from src/main/AndroidManifest.xml
	android:minSdkVersion
		INJECTED from src/main/AndroidManifest.xml
		ADDED from src/main/AndroidManifest.xml
		INJECTED from src/main/AndroidManifest.xml